<?xml version="1.0" encoding="UTF-8"?>
<!-- Generated by org.testng.reporters.JUnitXMLReporter -->
<testsuite hostname="DESKTOP-3RGKQN7" ignored="0" name="Default test" tests="3" failures="0" timestamp="04 Jan 2019 07:19:50 GMT" time="0.036" errors="0">
  <testcase name="datatest" time="0.008" classname="chrome.dataprovider"/>
  <testcase name="datatest" time="0.002" classname="chrome.dataprovider"/>
  <testcase name="datatest" time="0.002" classname="chrome.dataprovider"/>
</testsuite> <!-- Default test -->
